  Gui.cpp
C:\Program Files (x86)\Windows Kits\10\Include\10.0.18362.0\shared\minwindef.h(130,1): warning C4005: APIENTRY: изменение макроопределения
C:\Users\MI Pro-15\Documents\GitHub\Analysisator_of_algorithms\dependencies\GLFW\include\GLFW\glfw3.h(123): message : см. предыдущее определение "APIENTRY"
C:\Users\MI Pro-15\Documents\GitHub\Analysisator_of_algorithms\Gui.cpp(78,44): warning C4244: аргумент: преобразование "double" в "GLfloat", возможна потеря данных
C:\Users\MI Pro-15\Documents\GitHub\Analysisator_of_algorithms\Gui.cpp(77,44): warning C4244: аргумент: преобразование "double" в "GLfloat", возможна потеря данных
C:\Users\MI Pro-15\Documents\GitHub\Analysisator_of_algorithms\Gui.cpp(142,91): warning C4305: инициализация: усечение из "double" в "float"
C:\Users\MI Pro-15\Documents\GitHub\Analysisator_of_algorithms\Gui.cpp(146,90): warning C4305: инициализация: усечение из "double" в "float"
C:\Users\MI Pro-15\Documents\GitHub\Analysisator_of_algorithms\Gui.cpp(150,93): warning C4305: инициализация: усечение из "double" в "float"
C:\Users\MI Pro-15\Documents\GitHub\Analysisator_of_algorithms\Gui.cpp(154,82): warning C4305: инициализация: усечение из "double" в "float"
C:\Users\MI Pro-15\Documents\GitHub\Analysisator_of_algorithms\Gui.cpp(161,41): warning C4305: аргумент: усечение из "double" в "GLclampf"
C:\Users\MI Pro-15\Documents\GitHub\Analysisator_of_algorithms\Gui.cpp(163,44): warning C4305: аргумент: усечение из "double" в "float"
C:\Users\MI Pro-15\Documents\GitHub\Analysisator_of_algorithms\Gui.cpp(164,43): warning C4305: аргумент: усечение из "double" в "float"
C:\Users\MI Pro-15\Documents\GitHub\Analysisator_of_algorithms\Gui.cpp(167,78): warning C4305: аргумент: усечение из "double" в "float"
C:\Users\MI Pro-15\Documents\GitHub\Analysisator_of_algorithms\Gui.cpp(169,76): warning C4305: аргумент: усечение из "double" в "float"
C:\Users\MI Pro-15\Documents\GitHub\Analysisator_of_algorithms\Gui.cpp(235,36): warning C4244: аргумент: преобразование "double" в "GLfloat", возможна потеря данных
C:\Users\MI Pro-15\Documents\GitHub\Analysisator_of_algorithms\Gui.cpp(235,18): warning C4244: аргумент: преобразование "double" в "GLfloat", возможна потеря данных
C:\Users\MI Pro-15\Documents\GitHub\Analysisator_of_algorithms\Gui.cpp(236,36): warning C4244: аргумент: преобразование "double" в "GLfloat", возможна потеря данных
C:\Users\MI Pro-15\Documents\GitHub\Analysisator_of_algorithms\Gui.cpp(236,18): warning C4244: аргумент: преобразование "double" в "GLfloat", возможна потеря данных
C:\Users\MI Pro-15\Documents\GitHub\Analysisator_of_algorithms\Gui.cpp(242,36): warning C4244: аргумент: преобразование "double" в "GLfloat", возможна потеря данных
C:\Users\MI Pro-15\Documents\GitHub\Analysisator_of_algorithms\Gui.cpp(242,18): warning C4244: аргумент: преобразование "double" в "GLfloat", возможна потеря данных
C:\Users\MI Pro-15\Documents\GitHub\Analysisator_of_algorithms\Gui.cpp(243,36): warning C4244: аргумент: преобразование "double" в "GLfloat", возможна потеря данных
C:\Users\MI Pro-15\Documents\GitHub\Analysisator_of_algorithms\Gui.cpp(243,18): warning C4244: аргумент: преобразование "double" в "GLfloat", возможна потеря данных
C:\Users\MI Pro-15\Documents\GitHub\Analysisator_of_algorithms\Gui.cpp(244,36): warning C4244: аргумент: преобразование "double" в "GLfloat", возможна потеря данных
C:\Users\MI Pro-15\Documents\GitHub\Analysisator_of_algorithms\Gui.cpp(244,18): warning C4244: аргумент: преобразование "double" в "GLfloat", возможна потеря данных
C:\Users\MI Pro-15\Documents\GitHub\Analysisator_of_algorithms\Gui.cpp(250,36): warning C4244: аргумент: преобразование "double" в "GLfloat", возможна потеря данных
C:\Users\MI Pro-15\Documents\GitHub\Analysisator_of_algorithms\Gui.cpp(250,18): warning C4244: аргумент: преобразование "double" в "GLfloat", возможна потеря данных
C:\Users\MI Pro-15\Documents\GitHub\Analysisator_of_algorithms\Gui.cpp(251,36): warning C4244: аргумент: преобразование "double" в "GLfloat", возможна потеря данных
C:\Users\MI Pro-15\Documents\GitHub\Analysisator_of_algorithms\Gui.cpp(251,18): warning C4244: аргумент: преобразование "double" в "GLfloat", возможна потеря данных
C:\Users\MI Pro-15\Documents\GitHub\Analysisator_of_algorithms\Gui.cpp(257,36): warning C4244: аргумент: преобразование "double" в "GLfloat", возможна потеря данных
C:\Users\MI Pro-15\Documents\GitHub\Analysisator_of_algorithms\Gui.cpp(257,18): warning C4244: аргумент: преобразование "double" в "GLfloat", возможна потеря данных
C:\Users\MI Pro-15\Documents\GitHub\Analysisator_of_algorithms\Gui.cpp(258,36): warning C4244: аргумент: преобразование "double" в "GLfloat", возможна потеря данных
C:\Users\MI Pro-15\Documents\GitHub\Analysisator_of_algorithms\Gui.cpp(258,18): warning C4244: аргумент: преобразование "double" в "GLfloat", возможна потеря данных
C:\Users\MI Pro-15\Documents\GitHub\Analysisator_of_algorithms\Gui.cpp(259,36): warning C4244: аргумент: преобразование "double" в "GLfloat", возможна потеря данных
C:\Users\MI Pro-15\Documents\GitHub\Analysisator_of_algorithms\Gui.cpp(259,18): warning C4244: аргумент: преобразование "double" в "GLfloat", возможна потеря данных
C:\Users\MI Pro-15\Documents\GitHub\Analysisator_of_algorithms\Gui.cpp(413,35): warning C4244: аргумент: преобразование "__int64" в "int", возможна потеря данных
C:\Users\MI Pro-15\Documents\GitHub\Analysisator_of_algorithms\Gui.cpp(393,11): warning C4101: GraphColor: неиспользованная локальная переменная
C:\Users\MI Pro-15\Documents\GitHub\Analysisator_of_algorithms\Gui.cpp(441,35): warning C4244: аргумент: преобразование "__int64" в "int", возможна потеря данных
C:\Users\MI Pro-15\Documents\GitHub\Analysisator_of_algorithms\Gui.cpp(421,11): warning C4101: GraphColor: неиспользованная локальная переменная
C:\Users\MI Pro-15\Documents\GitHub\Analysisator_of_algorithms\Gui.cpp(469,35): warning C4244: аргумент: преобразование "__int64" в "int", возможна потеря данных
C:\Users\MI Pro-15\Documents\GitHub\Analysisator_of_algorithms\Gui.cpp(449,11): warning C4101: GraphColor: неиспользованная локальная переменная
C:\Users\MI Pro-15\Documents\GitHub\Analysisator_of_algorithms\Gui.cpp(290,30): warning C4244: аргумент: преобразование "double" в "GLfloat", возможна потеря данных
C:\Users\MI Pro-15\Documents\GitHub\Analysisator_of_algorithms\Gui.cpp(167): message : выполняется компиляция ссылки на экземпляр шаблон функции "bool Graph<__int64,__int64>(float,float,float,XType *,int,YType *,int,Color)"
          with
          [
              XType=__int64,
              YType=__int64
          ]
C:\Users\MI Pro-15\Documents\GitHub\Analysisator_of_algorithms\Gui.cpp(289,37): warning C4244: аргумент: преобразование "double" в "GLfloat", возможна потеря данных
  algo.vcxproj -> C:\Users\MI Pro-15\Documents\GitHub\Analysisator_of_algorithms\x64\Debug\algo.exe
